<!DOCTYPE html>
<html>
<head>
<meta http-equiv="Content-Type" content="text/html; charset=utf-8"/>
<meta http-equiv="x-ua-compatible" content="IE=edge"/>
<title>Test results - UrlVerifierPluginFunctionalTest</title>
<link href="../css/base-style.css" rel="stylesheet" type="text/css"/>
<link href="../css/style.css" rel="stylesheet" type="text/css"/>
<script src="../js/report.js" type="text/javascript"></script>
</head>
<body>
<div id="content">
<h1>UrlVerifierPluginFunctionalTest</h1>
<div class="breadcrumbs">
<a href="../index.html">all</a> &gt; 
<a href="../packages/org.myorg.html">org.myorg</a> &gt; UrlVerifierPluginFunctionalTest</div>
<div id="summary">
<table>
<tr>
<td>
<div class="summaryGroup">
<table>
<tr>
<td>
<div class="infoBox" id="tests">
<div class="counter">1</div>
<p>tests</p>
</div>
</td>
<td>
<div class="infoBox" id="failures">
<div class="counter">1</div>
<p>failures</p>
</div>
</td>
<td>
<div class="infoBox" id="ignored">
<div class="counter">0</div>
<p>ignored</p>
</div>
</td>
<td>
<div class="infoBox" id="duration">
<div class="counter">7.375s</div>
<p>duration</p>
</div>
</td>
</tr>
</table>
</div>
</td>
<td>
<div class="infoBox failures" id="successRate">
<div class="percent">0%</div>
<p>successful</p>
</div>
</td>
</tr>
</table>
</div>
<div id="tabs">
<ul class="tabLinks">
<li>
<a href="#tab0">Failed tests</a>
</li>
<li>
<a href="#tab1">Tests</a>
</li>
</ul>
<div id="tab0" class="tab">
<h2>Failed tests</h2>
<div class="test">
<a name="can successfully configure URL through extensions and verify it"></a>
<h3 class="failures">can successfully configure URL through extensions and verify it</h3>
<span class="code">
<pre>org.gradle.testkit.runner.UnexpectedBuildFailure: Unexpected build execution failure in /var/folders/7m/lm7d6nx51kj0kbtnsskz6r3m0000gn/T/spock_can_successfully_co_0_testProjectDir325954024901874 with arguments [verifyUrl]

Output:
&gt; Task :verifyUrl FAILED

FAILURE: Build failed with an exception.

* What went wrong:
Execution failed for task ':verifyUrl'.
&gt; Cannot query the value of task ':verifyUrl' property 'url' because it has no value available.

* Try:
&gt; Run with --stacktrace option to get the stack trace.
&gt; Run with --info or --debug option to get more log output.
&gt; Run with --scan to get full insights.

* Get more help at https://help.gradle.org

BUILD FAILED in 4s
1 actionable task: 1 executed

	at org.gradle.testkit.runner.internal.DefaultGradleRunner.lambda$build$2(DefaultGradleRunner.java:264)
	at org.gradle.testkit.runner.internal.DefaultGradleRunner.run(DefaultGradleRunner.java:338)
	at org.gradle.testkit.runner.internal.DefaultGradleRunner.build(DefaultGradleRunner.java:262)
	at org.myorg.UrlVerifierPluginFunctionalTest.can successfully configure URL through extensions and verify it(UrlVerifierPluginFunctionalTest.groovy:31)
</pre>
</span>
</div>
</div>
<div id="tab1" class="tab">
<h2>Tests</h2>
<table>
<thead>
<tr>
<th>Test</th>
<th>Duration</th>
<th>Result</th>
</tr>
</thead>
<tr>
<td class="failures">can successfully configure URL through extensions and verify it</td>
<td class="failures">7.375s</td>
<td class="failures">failed</td>
</tr>
</table>
</div>
</div>
<div id="footer">
<p>
<div>
<label class="hidden" id="label-for-line-wrapping-toggle" for="line-wrapping-toggle">Wrap lines
<input id="line-wrapping-toggle" type="checkbox" autocomplete="off"/>
</label>
</div>Generated by 
<a href="http://www.gradle.org">Gradle 7.4.2</a> at 2022/06/15 10:45:43</p>
</div>
</div>
</body>
</html>
